<?xml version="1.0" encoding="UTF-8"?><testsuite failures="1" name="cucumber.runtime.formatter.JUnitFormatter" skipped="0" tests="1" time="94.051685">
<testcase classname="Free CRM Application Test" name="Validate Free CRM HomePage Test" time="94.051685">
<failure message="junit.framework.ComparisonFailure: expected:&lt;[CRMPRO]&gt; but was:&lt;[#1 Free CRM software in the cloud for sales and service]&gt;&#13;&#10;&#9;at junit.framework.Assert.assertEquals(Assert.java:100)&#13;&#10;&#9;at junit.framework.Assert.assertEquals(Assert.java:107)&#13;&#10;&#9;at com.qa.StepDefinitions.HomePageSteps.Validate_Home_Page_Title(HomePageSteps.java:50)&#13;&#10;&#9;at ✽.Then Validate Home Page Title(C:/Users/sony/eclipse-workspace/CucumberPageObjectModel/src/main/java/com/qa/features/FreeCRM.feature:8)&#13;&#10;"><![CDATA[Given User opens browser....................................................passed
Then User Navigates Login Page..............................................passed
Then User Enters Username and Password......................................passed
Then Validate Home Page Title...............................................failed
Then Validate LoggedIn UserName.............................................skipped

StackTrace:
junit.framework.ComparisonFailure: expected:<[CRMPRO]> but was:<[#1 Free CRM software in the cloud for sales and service]>
	at junit.framework.Assert.assertEquals(Assert.java:100)
	at junit.framework.Assert.assertEquals(Assert.java:107)
	at com.qa.StepDefinitions.HomePageSteps.Validate_Home_Page_Title(HomePageSteps.java:50)
	at ✽.Then Validate Home Page Title(C:/Users/sony/eclipse-workspace/CucumberPageObjectModel/src/main/java/com/qa/features/FreeCRM.feature:8)
]]></failure>
</testcase>
</testsuite>
